{
  "action" : "get",
  "params" : {
    "limit" : [ "9999999999" ],
    "?ql" : [ "select from 4 where timestamp<1420541700 and timestamp>1420387200" ]
  },
  "path" : "/chatmessages",
  "uri" : "http://a1.easemob.com/jinglingkj/pinai/chatmessages",
  "entities" : [ {
    "uuid" : "14a72eea-743f-11e4-a438-5b5e9af728a2",
    "type" : "chatmessage",
    "created" : 1416877500622,
    "modified" : 1416877500622,
    "timestamp" : 1416877500615,
    "from" : "luxurioust",
    "msg_id" : "WEBIM_235f5eb933",
    "to" : "bar",
    "chat_type" : "chat",
    "payload" : {
      "bodies" : [ {
        "type" : "txt",
        "msg" : "Hi"
      } ]
    }
  }, {
    "uuid" : "1775912a-743f-11e4-bf1c-bdfc0982d2fb",
    "type" : "chatmessage",
    "created" : 1416877505330,
    "modified" : 1416877505330,
    "timestamp" : 1416877505331,
    "from" : "luxurioust",
    "msg_id" : "WEBIM_235f5ecde1",
    "to" : "bar",
    "chat_type" : "chat",
    "payload" : {
      "bodies" : [ {
        "type" : "txt",
        "msg" : "hahah"
      } ]
    }
  }, {
    "uuid" : "1a666f8a-743f-11e4-bd34-63eec64f05cb",
    "type" : "chatmessage",
    "created" : 1416877510264,
    "modified" : 1416877510264,
    "timestamp" : 1416877510265,
    "from" : "luxurioust",
    "msg_id" : "WEBIM_235f5ee129",
    "to" : "bar",
    "chat_type" : "chat",
    "payload" : {
      "bodies" : [ {
        "type" : "txt",
        "msg" : "woshi"
      } ]
    }
  }, {
    "uuid" : "1c85feba-7440-11e4-9542-fd1d12b33772",
    "type" : "chatmessage",
    "created" : 1416877943323,
    "modified" : 1416877943323,
    "timestamp" : 1416877943323,
    "from" : "bar",
    "msg_id" : "WEBIM_235f657ebd",
    "to" : "luxurioust",
    "chat_type" : "chat",
    "payload" : {
      "bodies" : [ {
        "type" : "txt",
        "msg" : "zaima"
      } ]
    }
  }, {
    "uuid" : "d99b368a-7532-11e4-89bc-05eb5f689ffd",
    "type" : "chatmessage",
    "created" : 1416982198760,
    "modified" : 1416982198760,
    "timestamp" : 1416982198748,
    "from" : "5",
    "msg_id" : "WEBIM_23659c4e81",
    "to" : "6",
    "chat_type" : "chat",
    "payload" : {
      "bodies" : [ {
        "type" : "txt",
        "msg" : "dfsdf"
      } ]
    }
  }, {
    "uuid" : "da41fdda-7532-11e4-b105-9982abc71933",
    "type" : "chatmessage",
    "created" : 1416982199853,
    "modified" : 1416982199853,
    "timestamp" : 1416982199852,
    "from" : "5",
    "msg_id" : "WEBIM_23659c52f1",
    "to" : "6",
    "chat_type" : "chat",
    "payload" : {
      "bodies" : [ {
        "type" : "txt",
        "msg" : "sdf"
      } ]
    }
  }, {
    "uuid" : "db0b685a-7532-11e4-8953-45b5ef0a5ae1",
    "type" : "chatmessage",
    "created" : 1416982201173,
    "modified" : 1416982201173,
    "timestamp" : 1416982201172,
    "from" : "5",
    "msg_id" : "WEBIM_23659c5819",
    "to" : "6",
    "chat_type" : "chat",
    "payload" : {
      "bodies" : [ {
        "type" : "txt",
        "msg" : "sdfsdf"
      } ]
    }
  }, {
    "uuid" : "dbce432a-7532-11e4-8898-8fb284dfc22b",
    "type" : "chatmessage",
    "created" : 1416982202450,
    "modified" : 1416982202450,
    "timestamp" : 1416982202447,
    "from" : "5",
    "msg_id" : "WEBIM_23659c5d10",
    "to" : "6",
    "chat_type" : "chat",
    "payload" : {
      "bodies" : [ {
        "type" : "txt",
        "msg" : "sdfs"
      } ]
    }
  }, {
    "uuid" : "94eb5f4a-7534-11e4-93a6-491125389e65",
    "type" : "chatmessage",
    "created" : 1416982942516,
    "modified" : 1416982942516,
    "timestamp" : 1416982942515,
    "from" : "5",
    "msg_id" : "WEBIM_2365a7a7db",
    "to" : "6",
    "chat_type" : "chat",
    "payload" : {
      "bodies" : [ {
        "type" : "txt",
        "msg" : "sdfds"
      } ]
    }
  }, {
    "uuid" : "91d2911a-7535-11e4-a5ec-2b126938353e",
    "type" : "chatmessage",
    "created" : 1416983366817,
    "modified" : 1416983366817,
    "timestamp" : 1416983366815,
    "from" : "5",
    "msg_id" : "WEBIM_2365ae1c22",
    "to" : "6",
    "chat_type" : "chat",
    "payload" : {
      "bodies" : [ {
        "type" : "img",
        "url" : "https://a1.easemob.com/jinglingkj/pinai/chatfiles/905cb9f0-7535-11e4-9d90-83a03df3ce29",
        "secret" : "kFy5-nU1EeSuuUvAIkhPnhfkoABxgl5ZcAFcS4VkYziQZyAH",
        "filename" : "图灵图书.jpg",
        "thumb" : "https://a1.easemob.com/jinglingkj/pinai/chatfiles/905cb9f0-7535-11e4-9d90-83a03df3ce29",
        "thumb_secret" : "",
        "size" : {
          "width" : 696,
          "height" : 1085
        }
      } ]
    }
  } ],
  "timestamp" : 1420541700834,
  "duration" : 104,
  "cursor" : "LTU2ODc0MzQzOmtkS1JHblUxRWVTbDdDc1NhVGcxUGc",
  "count" : 10
}